[TRAIN] Num available threads:  128
[DATA LOADER] Training set size: 70
[DATA LOADER] Validation set size: 10
[DATA LOADER] Test set size: 20

[MODEL_TRAINER] Epoch 1/20
[MODEL_TRAINER] Step 10/70, Loss: 0.8008
[MODEL_TRAINER] Step 20/70, Loss: 0.7948
[MODEL_TRAINER] Step 30/70, Loss: 0.7971
[MODEL_TRAINER] Step 40/70, Loss: 0.7875
[MODEL_TRAINER] Step 50/70, Loss: 0.7934
[MODEL_TRAINER] Step 60/70, Loss: 0.7955
[MODEL_TRAINER] Step 70/70, Loss: 0.7980
[MODEL_TRAINER] Epoch 1 Train Loss: 0.7914
[MODEL_TRAINER] Epoch 1 Val Loss: 0.7895, Metrics: {'Dice': 0.0067151286290027205}
[MODEL_TRAINER] Saved best model with Val Loss: 0.7895
[MODEL_TRAINER] Epoch 1 completed in 200.18s

[MODEL_TRAINER] Epoch 2/20
[MODEL_TRAINER] Step 10/70, Loss: 0.7739
[MODEL_TRAINER] Step 20/70, Loss: 0.8017
[MODEL_TRAINER] Step 30/70, Loss: 0.7965
[MODEL_TRAINER] Step 40/70, Loss: 0.7966
[MODEL_TRAINER] Step 50/70, Loss: 0.7883
[MODEL_TRAINER] Step 60/70, Loss: 0.7859
[MODEL_TRAINER] Step 70/70, Loss: 0.7816
[MODEL_TRAINER] Epoch 2 Train Loss: 0.7862
[MODEL_TRAINER] Epoch 2 Val Loss: 0.7902, Metrics: {'Dice': 0.0067151286290027205}
[MODEL_TRAINER] Epoch 2 completed in 204.53s

[MODEL_TRAINER] Epoch 3/20
[MODEL_TRAINER] Step 10/70, Loss: 0.7896
[MODEL_TRAINER] Step 20/70, Loss: 0.7806
[MODEL_TRAINER] Step 30/70, Loss: 0.7922
[MODEL_TRAINER] Step 40/70, Loss: 0.7979
[MODEL_TRAINER] Step 50/70, Loss: 0.7982
[MODEL_TRAINER] Step 60/70, Loss: 0.7867
[MODEL_TRAINER] Step 70/70, Loss: 0.7853
[MODEL_TRAINER] Epoch 3 Train Loss: 0.7841
[MODEL_TRAINER] Epoch 3 Val Loss: 0.7762, Metrics: {'Dice': 0.0067151286290027205}
[MODEL_TRAINER] Saved best model with Val Loss: 0.7762
[MODEL_TRAINER] Epoch 3 completed in 196.12s

[MODEL_TRAINER] Epoch 4/20
[MODEL_TRAINER] Step 10/70, Loss: 0.7976
[MODEL_TRAINER] Step 20/70, Loss: 0.7879
[MODEL_TRAINER] Step 30/70, Loss: 0.7515
[MODEL_TRAINER] Step 40/70, Loss: 0.7804
[MODEL_TRAINER] Step 50/70, Loss: 0.7607
[MODEL_TRAINER] Step 60/70, Loss: 0.7713
[MODEL_TRAINER] Step 70/70, Loss: 0.7900
[MODEL_TRAINER] Epoch 4 Train Loss: 0.7803
[MODEL_TRAINER] Epoch 4 Val Loss: 0.7863, Metrics: {'Dice': 0.0067151286290027205}
[MODEL_TRAINER] Epoch 4 completed in 195.47s

[MODEL_TRAINER] Epoch 5/20
[MODEL_TRAINER] Step 10/70, Loss: 0.7930
[MODEL_TRAINER] Step 20/70, Loss: 0.7926
[MODEL_TRAINER] Step 30/70, Loss: 0.7879
[MODEL_TRAINER] Step 40/70, Loss: 0.7884
[MODEL_TRAINER] Step 50/70, Loss: 0.7904
[MODEL_TRAINER] Step 60/70, Loss: 0.7856
[MODEL_TRAINER] Step 70/70, Loss: 0.7797
[MODEL_TRAINER] Epoch 5 Train Loss: 0.7858
[MODEL_TRAINER] Epoch 5 Val Loss: 0.7844, Metrics: {'Dice': 0.0067151286290027205}
[MODEL_TRAINER] Epoch 5 completed in 199.75s

[MODEL_TRAINER] Epoch 6/20
[MODEL_TRAINER] Step 10/70, Loss: 0.7910
[MODEL_TRAINER] Step 20/70, Loss: 0.7759
[MODEL_TRAINER] Step 30/70, Loss: 0.7419
[MODEL_TRAINER] Step 40/70, Loss: 0.7399
[MODEL_TRAINER] Step 50/70, Loss: 0.7832
[MODEL_TRAINER] Step 60/70, Loss: 0.7880
[MODEL_TRAINER] Step 70/70, Loss: 0.7757
[MODEL_TRAINER] Epoch 6 Train Loss: 0.7800
[MODEL_TRAINER] Epoch 6 Val Loss: 0.7797, Metrics: {'Dice': 0.0067151286290027205}
[MODEL_TRAINER] Epoch 6 completed in 202.16s

[MODEL_TRAINER] Epoch 7/20
[MODEL_TRAINER] Step 10/70, Loss: 0.7832
[MODEL_TRAINER] Step 20/70, Loss: 0.7836
[MODEL_TRAINER] Step 30/70, Loss: 0.7154
[MODEL_TRAINER] Step 40/70, Loss: 0.7689
[MODEL_TRAINER] Step 50/70, Loss: 0.7656
[MODEL_TRAINER] Step 60/70, Loss: 0.7812
[MODEL_TRAINER] Step 70/70, Loss: 0.7889
[MODEL_TRAINER] Epoch 7 Train Loss: 0.7720
[MODEL_TRAINER] Epoch 7 Val Loss: 0.7769, Metrics: {'Dice': 0.0067151286290027205}
[MODEL_TRAINER] Epoch 7 completed in 206.12s

[MODEL_TRAINER] Epoch 8/20
[MODEL_TRAINER] Step 10/70, Loss: 0.7991
[MODEL_TRAINER] Step 20/70, Loss: 0.7838
[MODEL_TRAINER] Step 30/70, Loss: 0.7596
[MODEL_TRAINER] Step 40/70, Loss: 0.7679
[MODEL_TRAINER] Step 50/70, Loss: 0.7603
[MODEL_TRAINER] Step 60/70, Loss: 0.7927
[MODEL_TRAINER] Step 70/70, Loss: 0.7844
[MODEL_TRAINER] Epoch 8 Train Loss: 0.7750
[MODEL_TRAINER] Epoch 8 Val Loss: 0.7801, Metrics: {'Dice': 0.0067151286290027205}
[MODEL_TRAINER] Epoch 8 completed in 200.43s

[MODEL_TRAINER] Epoch 9/20
[MODEL_TRAINER] Step 10/70, Loss: 0.7826
[MODEL_TRAINER] Step 20/70, Loss: 0.7526
[MODEL_TRAINER] Step 30/70, Loss: 0.7903
[MODEL_TRAINER] Step 40/70, Loss: 0.7974
[MODEL_TRAINER] Step 50/70, Loss: 0.7922
[MODEL_TRAINER] Step 60/70, Loss: 0.7926
[MODEL_TRAINER] Step 70/70, Loss: 0.7368
[MODEL_TRAINER] Epoch 9 Train Loss: 0.7799
[MODEL_TRAINER] Epoch 9 Val Loss: 0.7777, Metrics: {'Dice': 0.0067151286290027205}
[MODEL_TRAINER] Epoch 9 completed in 197.69s

[MODEL_TRAINER] Epoch 10/20
[MODEL_TRAINER] Step 10/70, Loss: 0.7873
[MODEL_TRAINER] Step 20/70, Loss: 0.7983
[MODEL_TRAINER] Step 30/70, Loss: 0.7864
[MODEL_TRAINER] Step 40/70, Loss: 0.7868
[MODEL_TRAINER] Step 50/70, Loss: 0.7923
[MODEL_TRAINER] Step 60/70, Loss: 0.7801
[MODEL_TRAINER] Step 70/70, Loss: 0.7634
[MODEL_TRAINER] Epoch 10 Train Loss: 0.7809
[MODEL_TRAINER] Epoch 10 Val Loss: 0.7773, Metrics: {'Dice': 0.0067151286290027205}
[MODEL_TRAINER] Epoch 10 completed in 191.70s

[MODEL_TRAINER] Epoch 11/20
[MODEL_TRAINER] Step 10/70, Loss: 0.7829
[MODEL_TRAINER] Step 20/70, Loss: 0.7605
[MODEL_TRAINER] Step 30/70, Loss: 0.7800
[MODEL_TRAINER] Step 40/70, Loss: 0.7675
[MODEL_TRAINER] Step 50/70, Loss: 0.7977
[MODEL_TRAINER] Step 60/70, Loss: 0.7630
[MODEL_TRAINER] Step 70/70, Loss: 0.7835
[MODEL_TRAINER] Epoch 11 Train Loss: 0.7796
[MODEL_TRAINER] Epoch 11 Val Loss: 0.7780, Metrics: {'Dice': 0.0067151286290027205}
[MODEL_TRAINER] Epoch 11 completed in 205.06s

[MODEL_TRAINER] Epoch 12/20
[MODEL_TRAINER] Step 10/70, Loss: 0.7607
[MODEL_TRAINER] Step 20/70, Loss: 0.7913
[MODEL_TRAINER] Step 30/70, Loss: 0.7754
[MODEL_TRAINER] Step 40/70, Loss: 0.7937
[MODEL_TRAINER] Step 50/70, Loss: 0.7909
[MODEL_TRAINER] Step 60/70, Loss: 0.7665
[MODEL_TRAINER] Step 70/70, Loss: 0.7840
[MODEL_TRAINER] Epoch 12 Train Loss: 0.7801
[MODEL_TRAINER] Epoch 12 Val Loss: 0.7770, Metrics: {'Dice': 0.0067151286290027205}
[MODEL_TRAINER] Epoch 12 completed in 188.16s

[MODEL_TRAINER] Epoch 13/20
[MODEL_TRAINER] Step 10/70, Loss: 0.7579
[MODEL_TRAINER] Step 20/70, Loss: 0.7800
[MODEL_TRAINER] Step 30/70, Loss: 0.7861
[MODEL_TRAINER] Step 40/70, Loss: 0.7613
[MODEL_TRAINER] Step 50/70, Loss: 0.7891
[MODEL_TRAINER] Step 60/70, Loss: 0.7911
[MODEL_TRAINER] Step 70/70, Loss: 0.7783
[MODEL_TRAINER] Epoch 13 Train Loss: 0.7792
[MODEL_TRAINER] Epoch 13 Val Loss: 0.7754, Metrics: {'Dice': 0.0067151286290027205}
[MODEL_TRAINER] Saved best model with Val Loss: 0.7754
[MODEL_TRAINER] Epoch 13 completed in 202.78s

[MODEL_TRAINER] Epoch 14/20
[MODEL_TRAINER] Step 10/70, Loss: 0.7386
[MODEL_TRAINER] Step 20/70, Loss: 0.7545
[MODEL_TRAINER] Step 30/70, Loss: 0.7851
[MODEL_TRAINER] Step 40/70, Loss: 0.7922
[MODEL_TRAINER] Step 50/70, Loss: 0.7787
[MODEL_TRAINER] Step 60/70, Loss: 0.7498
[MODEL_TRAINER] Step 70/70, Loss: 0.7950
[MODEL_TRAINER] Epoch 14 Train Loss: 0.7780
[MODEL_TRAINER] Epoch 14 Val Loss: 0.7763, Metrics: {'Dice': 0.0067151286290027205}
[MODEL_TRAINER] Epoch 14 completed in 207.33s

[MODEL_TRAINER] Epoch 15/20
[MODEL_TRAINER] Step 10/70, Loss: 0.7823
[MODEL_TRAINER] Step 20/70, Loss: 0.7839
[MODEL_TRAINER] Step 30/70, Loss: 0.7981
[MODEL_TRAINER] Step 40/70, Loss: 0.7969
[MODEL_TRAINER] Step 50/70, Loss: 0.7718
[MODEL_TRAINER] Step 60/70, Loss: 0.7597
[MODEL_TRAINER] Step 70/70, Loss: 0.7116
[MODEL_TRAINER] Epoch 15 Train Loss: 0.7611
[MODEL_TRAINER] Epoch 15 Val Loss: 0.7869, Metrics: {'Dice': 0.0067151286290027205}
[MODEL_TRAINER] Epoch 15 completed in 209.64s

[MODEL_TRAINER] Epoch 16/20
[MODEL_TRAINER] Step 10/70, Loss: 0.7617
[MODEL_TRAINER] Step 20/70, Loss: 0.7864
[MODEL_TRAINER] Step 30/70, Loss: 0.7712
[MODEL_TRAINER] Step 40/70, Loss: 0.7099
[MODEL_TRAINER] Step 50/70, Loss: 0.7860
[MODEL_TRAINER] Step 60/70, Loss: 0.7861
[MODEL_TRAINER] Step 70/70, Loss: 0.7920
[MODEL_TRAINER] Epoch 16 Train Loss: 0.7483
[MODEL_TRAINER] Epoch 16 Val Loss: 0.7393, Metrics: {'Dice': 0.0067151286290027205}
[MODEL_TRAINER] Saved best model with Val Loss: 0.7393
[MODEL_TRAINER] Epoch 16 completed in 203.35s

[MODEL_TRAINER] Epoch 17/20
[MODEL_TRAINER] Step 10/70, Loss: 0.6935
[MODEL_TRAINER] Step 20/70, Loss: 0.7587
[MODEL_TRAINER] Step 30/70, Loss: 0.6772
[MODEL_TRAINER] Step 40/70, Loss: 0.7868
[MODEL_TRAINER] Step 50/70, Loss: 0.7000
[MODEL_TRAINER] Step 60/70, Loss: 0.7742
[MODEL_TRAINER] Step 70/70, Loss: 0.7654
[MODEL_TRAINER] Epoch 17 Train Loss: 0.7285
[MODEL_TRAINER] Epoch 17 Val Loss: 0.7431, Metrics: {'Dice': 0.0067151286290027205}
[MODEL_TRAINER] Epoch 17 completed in 197.14s

[MODEL_TRAINER] Epoch 18/20
[MODEL_TRAINER] Step 10/70, Loss: 0.6526
[MODEL_TRAINER] Step 20/70, Loss: 0.7309
[MODEL_TRAINER] Step 30/70, Loss: 0.6993
[MODEL_TRAINER] Step 40/70, Loss: 0.7230
[MODEL_TRAINER] Step 50/70, Loss: 0.6790
[MODEL_TRAINER] Step 60/70, Loss: 0.6719
[MODEL_TRAINER] Step 70/70, Loss: 0.7587
[MODEL_TRAINER] Epoch 18 Train Loss: 0.7134
[MODEL_TRAINER] Epoch 18 Val Loss: 0.7190, Metrics: {'Dice': 0.0067151286290027205}
[MODEL_TRAINER] Saved best model with Val Loss: 0.7190
[MODEL_TRAINER] Epoch 18 completed in 192.12s

[MODEL_TRAINER] Epoch 19/20
[MODEL_TRAINER] Step 10/70, Loss: 0.6242
[MODEL_TRAINER] Step 20/70, Loss: 0.6764
[MODEL_TRAINER] Step 30/70, Loss: 0.6982
[MODEL_TRAINER] Step 40/70, Loss: 0.6684
[MODEL_TRAINER] Step 50/70, Loss: 0.7488
[MODEL_TRAINER] Step 60/70, Loss: 0.6444
[MODEL_TRAINER] Step 70/70, Loss: 0.6816
[MODEL_TRAINER] Epoch 19 Train Loss: 0.7059
[MODEL_TRAINER] Epoch 19 Val Loss: 0.7171, Metrics: {'Dice': 0.0067151286290027205}
[MODEL_TRAINER] Saved best model with Val Loss: 0.7171
[MODEL_TRAINER] Epoch 19 completed in 194.92s

[MODEL_TRAINER] Epoch 20/20
[MODEL_TRAINER] Step 10/70, Loss: 0.6770
[MODEL_TRAINER] Step 20/70, Loss: 0.7450
[MODEL_TRAINER] Step 30/70, Loss: 0.6255
[MODEL_TRAINER] Step 40/70, Loss: 0.7710
[MODEL_TRAINER] Step 50/70, Loss: 0.7426
[MODEL_TRAINER] Step 60/70, Loss: 0.7083
[MODEL_TRAINER] Step 70/70, Loss: 0.7210
[MODEL_TRAINER] Epoch 20 Train Loss: 0.7021
[MODEL_TRAINER] Epoch 20 Val Loss: 0.7077, Metrics: {'Dice': 0.0067151286290027205}
[MODEL_TRAINER] Saved best model with Val Loss: 0.7077
[MODEL_TRAINER] Epoch 20 completed in 207.24s
{'train_loss': [0.7914427135671888, 0.7862343575273242, 0.7840625379766737, 0.7803108598504748, 0.7858224783624922, 0.7799798199108668, 0.7720267619405474, 0.7749962789671762, 0.7798877230712346, 0.7808857713426862, 0.7795880615711213, 0.7800503075122833, 0.7791651359626225, 0.7779726224286215, 0.7611198425292969, 0.7483164131641388, 0.7284732478005546, 0.713426753452846, 0.7058513794626509, 0.7021139570644923], 'val_loss': [0.7895164668560029, 0.790192848443985, 0.776175981760025, 0.7863269209861755, 0.7844173014163971, 0.77967067360878, 0.7769022226333618, 0.7801331222057343, 0.7777153968811035, 0.7772651314735413, 0.7780446231365203, 0.777048647403717, 0.7754216074943543, 0.7763008952140809, 0.7869344353675842, 0.7392541170120239, 0.7430789113044739, 0.7189527094364166, 0.7171333432197571, 0.7077153027057648], 'metrics': [{'Dice': 0.0067151286290027205}, {'Dice': 0.0067151286290027205}, {'Dice': 0.0067151286290027205}, {'Dice': 0.0067151286290027205}, {'Dice': 0.0067151286290027205}, {'Dice': 0.0067151286290027205}, {'Dice': 0.0067151286290027205}, {'Dice': 0.0067151286290027205}, {'Dice': 0.0067151286290027205}, {'Dice': 0.0067151286290027205}, {'Dice': 0.0067151286290027205}, {'Dice': 0.0067151286290027205}, {'Dice': 0.0067151286290027205}, {'Dice': 0.0067151286290027205}, {'Dice': 0.0067151286290027205}, {'Dice': 0.0067151286290027205}, {'Dice': 0.0067151286290027205}, {'Dice': 0.0067151286290027205}, {'Dice': 0.0067151286290027205}, {'Dice': 0.0067151286290027205}]}
[TEST] Num available threads:  128
[DATA LOADER] Training set size: 70
[DATA LOADER] Validation set size: 10
[DATA LOADER] Test set size: 20
[TEST]  {'loss': 0.8344355881214142, 'metrics': {'Dice': nan}}
